#
# There is insufficient memory for the Java Runtime Environment to continue.
# Native memory allocation (malloc) failed to allocate 498192 bytes for Chunk::new
# Possible reasons:
#   The system is out of physical RAM or swap space
#   In 32 bit mode, the process size limit was hit
# Possible solutions:
#   Reduce memory load on the system
#   Increase physical memory or swap space
#   Check if swap backing store is full
#   Use 64 bit Java on a 64 bit OS
#   Decrease Java heap size (-Xmx/-Xms)
#   Decrease number of Java threads
#   Decrease Java thread stack sizes (-Xss)
#   Set larger code cache with -XX:ReservedCodeCacheSize=
# This output file may be truncated or incomplete.
#
#  Out of Memory Error (allocation.cpp:390), pid=15368, tid=0x0000000000003b84
#
# JRE version: OpenJDK Runtime Environment (8.0_76-b03) (build 1.8.0_76-release-b03)
# Java VM: OpenJDK 64-Bit Server VM (25.76-b03 mixed mode windows-amd64 compressed oops)
# Failed to write core dump. Minidumps are not enabled by default on client versions of Windows
#

---------------  T H R E A D  ---------------

Current thread (0x00000000164e9000):  JavaThread "C2 CompilerThread1" daemon [_thread_in_native, id=15236, stack(0x0000000018c10000,0x0000000018d10000)]

Stack: [0x0000000018c10000,0x0000000018d10000]
[error occurred during error reporting (printing stack bounds), id 0xc0000005]

Native frames: (J=compiled Java code, j=interpreted, Vv=VM code, C=native code)


Current CompileTask:
C2: 552639 16080  s    4       java.beans.MethodDescriptor::setMethod (41 bytes)


---------------  P R O C E S S  ---------------

Java Threads: ( => current thread )
  0x000000001be17800 JavaThread "Stdin handler" [_thread_blocked, id=15196, stack(0x00000000318f0000,0x00000000319f0000)]
  0x000000001be18800 JavaThread "Asynchronous log dispatcher for org.gradle.launcher.daemon.server.DefaultDaemonConnection@eca3baa" [_thread_blocked, id=8552, stack(0x00000000317f0000,0x00000000318f0000)]
  0x000000001be17000 JavaThread "Daemon worker Thread 3" [_thread_in_Java, id=6580, stack(0x00000000316f0000,0x00000000317f0000)]
  0x000000001be16000 JavaThread "Cancel handler" [_thread_blocked, id=5140, stack(0x00000000315f0000,0x00000000316f0000)]
  0x000000001be11000 JavaThread "Handler for socket connection from /127.0.0.1:21136 to /127.0.0.1:21625" [_thread_in_native, id=13672, stack(0x00000000314f0000,0x00000000315f0000)]
  0x000000001be10000 JavaThread "Daemon Thread 3" [_thread_blocked, id=8872, stack(0x00000000313f0000,0x00000000314f0000)]
  0x000000001be11800 JavaThread "pool-11-thread-4" [_thread_blocked, id=15792, stack(0x000000002a9f0000,0x000000002aaf0000)]
  0x000000001be15800 JavaThread "pool-11-thread-3" [_thread_blocked, id=2648, stack(0x000000002a8f0000,0x000000002a9f0000)]
  0x000000001be0f800 JavaThread "pool-11-thread-2" [_thread_blocked, id=616, stack(0x000000002a7f0000,0x000000002a8f0000)]
  0x000000001be14800 JavaThread "pool-11-thread-1" [_thread_blocked, id=9672, stack(0x000000002a6f0000,0x000000002a7f0000)]
  0x0000000019fe8800 JavaThread "File lock request listener" [_thread_in_native, id=11448, stack(0x000000001cad0000,0x000000001cbd0000)]
  0x00000000196cc800 JavaThread "pool-1-thread-1" [_thread_blocked, id=15116, stack(0x000000001ad00000,0x000000001ae00000)]
  0x000000001941c800 JavaThread "Incoming local TCP Connector on port 21136" [_thread_in_native, id=14936, stack(0x000000001a8e0000,0x000000001a9e0000)]
  0x00000000184d8800 JavaThread "Service Thread" daemon [_thread_blocked, id=8516, stack(0x0000000018f10000,0x0000000019010000)]
  0x000000001843e000 JavaThread "C1 CompilerThread3" daemon [_thread_blocked, id=12180, stack(0x0000000018e10000,0x0000000018f10000)]
  0x00000000164ee000 JavaThread "C2 CompilerThread2" daemon [_thread_in_native, id=4996, stack(0x0000000018d10000,0x0000000018e10000)]
=>0x00000000164e9000 JavaThread "C2 CompilerThread1" daemon [_thread_in_native, id=15236, stack(0x0000000018c10000,0x0000000018d10000)]
  0x00000000183ea800 JavaThread "C2 CompilerThread0" daemon [_thread_in_native, id=3356, stack(0x0000000018b10000,0x0000000018c10000)]
  0x00000000183e8800 JavaThread "Attach Listener" daemon [_thread_blocked, id=2624, stack(0x0000000018a10000,0x0000000018b10000)]
  0x0000000018438800 JavaThread "Signal Dispatcher" daemon [_thread_blocked, id=9808, stack(0x0000000018910000,0x0000000018a10000)]
  0x00000000183d0800 JavaThread "Finalizer" daemon [_thread_blocked, id=10080, stack(0x00000000187b0000,0x00000000188b0000)]
  0x00000000164db800 JavaThread "Reference Handler" daemon [_thread_blocked, id=12816, stack(0x00000000182b0000,0x00000000183b0000)]
  0x000000000048e800 JavaThread "main" [_thread_blocked, id=12704, stack(0x0000000002160000,0x0000000002260000)]

Other Threads:
  0x00000000164d7000 VMThread [stack: 0x00000000181b0000,0x00000000182b0000] [id=11768]
  0x00000000184d9800 WatcherThread [stack: 0x0000000019010000,0x0000000019110000] [id=11440]

VM state:not at safepoint (normal execution)

VM Mutex/Monitor currently owned by a thread: None

Heap:
 PSYoungGen      total 436224K, used 131639K [0x00000000e0000000, 0x0000000100000000, 0x0000000100000000)
  eden space 387072K, 34% used [0x00000000e0000000,0x00000000e808dd90,0x00000000f7a00000)
  from space 49152K, 0% used [0x00000000fd000000,0x00000000fd000000,0x0000000100000000)
  to   space 68608K, 0% used [0x00000000f7a00000,0x00000000f7a00000,0x00000000fbd00000)
 ParOldGen       total 166912K, used 55967K [0x00000000a0000000, 0x00000000aa300000, 0x00000000e0000000)
  object space 166912K, 33% used [0x00000000a0000000,0x00000000a36a7e58,0x00000000aa300000)
 Metaspace       used 73922K, capacity 77014K, committed 77232K, reserved 1116160K
  class space    used 9468K, capacity 10118K, committed 10160K, reserved 1048576K

Card table byte_map: [0x0000000011ae0000,0x0000000011df0000] byte_map_base: 0x00000000115e0000

Marking Bits: (ParMarkBitMap*) 0x0000000058f79d00
 Begin Bits: [0x00000000127f0000, 0x0000000013ff0000)
 End Bits:   [0x0000000013ff0000, 0x00000000157f0000)

Polling page: 0x0000000000460000

CodeCache: size=245760Kb used=45076Kb max_used=45093Kb free=200683Kb
 bounds [0x0000000002720000, 0x0000000005360000, 0x0000000011720000]
 total_blobs=13794 nmethods=13020 adapters=685
 compilation: enabled

Compilation events (10 events):
Event: 552.583 Thread 0x000000001843e000 16087       3       org.gradle.model.internal.core.InstanceModelView::<init> (26 bytes)
Event: 552.584 Thread 0x000000001843e000 nmethod 16087 0x000000000450d110 code [0x000000000450d260, 0x000000000450d470]
Event: 552.585 Thread 0x000000001843e000 16088       3       org.gradle.model.internal.core.UnmanagedModelProjection::toView (27 bytes)
Event: 552.586 Thread 0x000000001843e000 nmethod 16088 0x0000000004687c90 code [0x0000000004687e40, 0x00000000046884b8]
Event: 552.587 Thread 0x000000001843e000 16089       3       org.gradle.plugins.ide.internal.tooling.model.LaunchableGradleProjectTask::<init> (5 bytes)
Event: 552.587 Thread 0x000000001843e000 nmethod 16089 0x0000000004d3d850 code [0x0000000004d3d9c0, 0x0000000004d3dbd0]
Event: 552.587 Thread 0x000000001843e000 16090       3       org.gradle.plugins.ide.internal.tooling.model.LaunchableGradleTask::<init> (5 bytes)
Event: 552.587 Thread 0x000000001843e000 nmethod 16090 0x00000000045db710 code [0x00000000045db860, 0x00000000045dba10]
Event: 552.587 Thread 0x000000001843e000 16091       3       org.gradle.plugins.ide.internal.tooling.model.LaunchableGradleTask::setPublic (7 bytes)
Event: 552.587 Thread 0x000000001843e000 nmethod 16091 0x0000000004d3d490 code [0x0000000004d3d5e0, 0x0000000004d3d730]

GC Heap History (10 events):
Event: 262.733 GC heap before
{Heap before GC invocations=21 (full 4):
 PSYoungGen      total 404480K, used 29180K [0x00000000e0000000, 0x0000000100000000, 0x0000000100000000)
  eden space 375296K, 0% used [0x00000000e0000000,0x00000000e0000000,0x00000000f6e80000)
  from space 29184K, 99% used [0x00000000f6e80000,0x00000000f8aff2b0,0x00000000f8b00000)
  to   space 38400K, 0% used [0x00000000fda80000,0x00000000fda80000,0x0000000100000000)
 ParOldGen       total 79872K, used 74446K [0x00000000a0000000, 0x00000000a4e00000, 0x00000000e0000000)
  object space 79872K, 93% used [0x00000000a0000000,0x00000000a48b3a70,0x00000000a4e00000)
 Metaspace       used 69517K, capacity 72316K, committed 72368K, reserved 1112064K
  class space    used 8997K, capacity 9621K, committed 9648K, reserved 1048576K
Event: 263.999 GC heap after
Heap after GC invocations=21 (full 4):
 PSYoungGen      total 404480K, used 487K [0x00000000e0000000, 0x0000000100000000, 0x0000000100000000)
  eden space 375296K, 0% used [0x00000000e0000000,0x00000000e0000000,0x00000000f6e80000)
  from space 29184K, 1% used [0x00000000f6e80000,0x00000000f6ef9d80,0x00000000f8b00000)
  to   space 38400K, 0% used [0x00000000fda80000,0x00000000fda80000,0x0000000100000000)
 ParOldGen       total 166912K, used 79844K [0x00000000a0000000, 0x00000000aa300000, 0x00000000e0000000)
  object space 166912K, 47% used [0x00000000a0000000,0x00000000a4df9250,0x00000000aa300000)
 Metaspace       used 69478K, capacity 72206K, committed 72368K, reserved 1112064K
  class space    used 8983K, capacity 9596K, committed 9648K, reserved 1048576K
}
Event: 265.286 GC heap before
{Heap before GC invocations=22 (full 4):
 PSYoungGen      total 404480K, used 375783K [0x00000000e0000000, 0x0000000100000000, 0x0000000100000000)
  eden space 375296K, 100% used [0x00000000e0000000,0x00000000f6e80000,0x00000000f6e80000)
  from space 29184K, 1% used [0x00000000f6e80000,0x00000000f6ef9d80,0x00000000f8b00000)
  to   space 38400K, 0% used [0x00000000fda80000,0x00000000fda80000,0x0000000100000000)
 ParOldGen       total 166912K, used 79844K [0x00000000a0000000, 0x00000000aa300000, 0x00000000e0000000)
  object space 166912K, 47% used [0x00000000a0000000,0x00000000a4df9250,0x00000000aa300000)
 Metaspace       used 69535K, capacity 72270K, committed 72624K, reserved 1112064K
  class space    used 8983K, capacity 9596K, committed 9648K, reserved 1048576K
Event: 265.392 GC heap after
Heap after GC invocations=22 (full 4):
 PSYoungGen      total 464384K, used 38393K [0x00000000e0000000, 0x0000000100000000, 0x0000000100000000)
  eden space 425984K, 0% used [0x00000000e0000000,0x00000000e0000000,0x00000000fa000000)
  from space 38400K, 99% used [0x00000000fda80000,0x00000000ffffe478,0x0000000100000000)
  to   space 49152K, 0% used [0x00000000fa000000,0x00000000fa000000,0x00000000fd000000)
 ParOldGen       total 166912K, used 91459K [0x00000000a0000000, 0x00000000aa300000, 0x00000000e0000000)
  object space 166912K, 54% used [0x00000000a0000000,0x00000000a5950ec8,0x00000000aa300000)
 Metaspace       used 69535K, capacity 72270K, committed 72624K, reserved 1112064K
  class space    used 8983K, capacity 9596K, committed 9648K, reserved 1048576K
}
Event: 266.663 GC heap before
{Heap before GC invocations=23 (full 4):
 PSYoungGen      total 464384K, used 464377K [0x00000000e0000000, 0x0000000100000000, 0x0000000100000000)
  eden space 425984K, 100% used [0x00000000e0000000,0x00000000fa000000,0x00000000fa000000)
  from space 38400K, 99% used [0x00000000fda80000,0x00000000ffffe478,0x0000000100000000)
  to   space 49152K, 0% used [0x00000000fa000000,0x00000000fa000000,0x00000000fd000000)
 ParOldGen       total 166912K, used 91459K [0x00000000a0000000, 0x00000000aa300000, 0x00000000e0000000)
  object space 166912K, 54% used [0x00000000a0000000,0x00000000a5950ec8,0x00000000aa300000)
 Metaspace       used 69573K, capacity 72334K, committed 72624K, reserved 1112064K
  class space    used 8983K, capacity 9596K, committed 9648K, reserved 1048576K
Event: 266.858 GC heap after
Heap after GC invocations=23 (full 4):
 PSYoungGen      total 475136K, used 49126K [0x00000000e0000000, 0x0000000100000000, 0x0000000100000000)
  eden space 425984K, 0% used [0x00000000e0000000,0x00000000e0000000,0x00000000fa000000)
  from space 49152K, 99% used [0x00000000fa000000,0x00000000fcff9988,0x00000000fd000000)
  to   space 49152K, 0% used [0x00000000fd000000,0x00000000fd000000,0x0000000100000000)
 ParOldGen       total 166912K, used 129737K [0x00000000a0000000, 0x00000000aa300000, 0x00000000e0000000)
  object space 166912K, 77% used [0x00000000a0000000,0x00000000a7eb2608,0x00000000aa300000)
 Metaspace       used 69573K, capacity 72334K, committed 72624K, reserved 1112064K
  class space    used 8983K, capacity 9596K, committed 9648K, reserved 1048576K
}
Event: 271.215 GC heap before
{Heap before GC invocations=24 (full 4):
 PSYoungGen      total 475136K, used 466998K [0x00000000e0000000, 0x0000000100000000, 0x0000000100000000)
  eden space 425984K, 98% used [0x00000000e0000000,0x00000000f9814100,0x00000000fa000000)
  from space 49152K, 99% used [0x00000000fa000000,0x00000000fcff9988,0x00000000fd000000)
  to   space 49152K, 0% used [0x00000000fd000000,0x00000000fd000000,0x0000000100000000)
 ParOldGen       total 166912K, used 129737K [0x00000000a0000000, 0x00000000aa300000, 0x00000000e0000000)
  object space 166912K, 77% used [0x00000000a0000000,0x00000000a7eb2608,0x00000000aa300000)
 Metaspace       used 70725K, capacity 73492K, committed 73776K, reserved 1114112K
  class space    used 9133K, capacity 9739K, committed 9776K, reserved 1048576K
Event: 271.299 GC heap after
Heap after GC invocations=24 (full 4):
 PSYoungGen      total 436224K, used 15004K [0x00000000e0000000, 0x0000000100000000, 0x0000000100000000)
  eden space 387072K, 0% used [0x00000000e0000000,0x00000000e0000000,0x00000000f7a00000)
  from space 49152K, 30% used [0x00000000fd000000,0x00000000fdea72d8,0x0000000100000000)
  to   space 68608K, 0% used [0x00000000f7a00000,0x00000000f7a00000,0x00000000fbd00000)
 ParOldGen       total 166912K, used 153532K [0x00000000a0000000, 0x00000000aa300000, 0x00000000e0000000)
  object space 166912K, 91% used [0x00000000a0000000,0x00000000a95ef1d8,0x00000000aa300000)
 Metaspace       used 70725K, capacity 73492K, committed 73776K, reserved 1114112K
  class space    used 9133K, capacity 9739K, committed 9776K, reserved 1048576K
}
Event: 271.299 GC heap before
{Heap before GC invocations=25 (full 5):
 PSYoungGen      total 436224K, used 15004K [0x00000000e0000000, 0x0000000100000000, 0x0000000100000000)
  eden space 387072K, 0% used [0x00000000e0000000,0x00000000e0000000,0x00000000f7a00000)
  from space 49152K, 30% used [0x00000000fd000000,0x00000000fdea72d8,0x0000000100000000)
  to   space 68608K, 0% used [0x00000000f7a00000,0x00000000f7a00000,0x00000000fbd00000)
 ParOldGen       total 166912K, used 153532K [0x00000000a0000000, 0x00000000aa300000, 0x00000000e0000000)
  object space 166912K, 91% used [0x00000000a0000000,0x00000000a95ef1d8,0x00000000aa300000)
 Metaspace       used 70725K, capacity 73492K, committed 73776K, reserved 1114112K
  class space    used 9133K, capacity 9739K, committed 9776K, reserved 1048576K
Event: 271.701 GC heap after
Heap after GC invocations=25 (full 5):
 PSYoungGen      total 436224K, used 0K [0x00000000e0000000, 0x0000000100000000, 0x0000000100000000)
  eden space 387072K, 0% used [0x00000000e0000000,0x00000000e0000000,0x00000000f7a00000)
  from space 49152K, 0% used [0x00000000fd000000,0x00000000fd000000,0x0000000100000000)
  to   space 68608K, 0% used [0x00000000f7a00000,0x00000000f7a00000,0x00000000fbd00000)
 ParOldGen       total 166912K, used 55967K [0x00000000a0000000, 0x00000000aa300000, 0x00000000e0000000)
  object space 166912K, 33% used [0x00000000a0000000,0x00000000a36a7e58,0x00000000aa300000)
 Metaspace       used 70725K, capacity 73492K, committed 73776K, reserved 1114112K
  class space    used 9133K, capacity 9739K, committed 9776K, reserved 1048576K
}

Deoptimization events (10 events):
Event: 271.714 Thread 0x000000001d513800 Uncommon trap: reason=class_check action=maybe_recompile pc=0x0000000003f6d054 method=java.lang.reflect.Array.newInstance(Ljava/lang/Class;I)Ljava/lang/Object; @ 2
Event: 271.714 Thread 0x000000001d513800 Uncommon trap: reason=class_check action=maybe_recompile pc=0x0000000003f6d054 method=java.lang.reflect.Array.newInstance(Ljava/lang/Class;I)Ljava/lang/Object; @ 2
Event: 548.954 Thread 0x000000001be17000 Uncommon trap: reason=bimorphic action=maybe_recompile pc=0x0000000002893990 method=java.util.Hashtable.get(Ljava/lang/Object;)Ljava/lang/Object; @ 45
Event: 548.955 Thread 0x000000001be17000 Uncommon trap: reason=bimorphic action=maybe_recompile pc=0x0000000002893990 method=java.util.Hashtable.get(Ljava/lang/Object;)Ljava/lang/Object; @ 45
Event: 549.188 Thread 0x000000001be17000 Uncommon trap: reason=bimorphic action=maybe_recompile pc=0x0000000002893990 method=java.util.Hashtable.get(Ljava/lang/Object;)Ljava/lang/Object; @ 45
Event: 549.189 Thread 0x000000001be17000 Uncommon trap: reason=bimorphic action=maybe_recompile pc=0x0000000002893990 method=java.util.Hashtable.get(Ljava/lang/Object;)Ljava/lang/Object; @ 45
Event: 549.221 Thread 0x000000001be17000 Uncommon trap: reason=predicate action=maybe_recompile pc=0x0000000004b8927c method=java.util.ArrayList.remove(Ljava/lang/Object;)Z @ 49
Event: 549.972 Thread 0x000000001be17000 Uncommon trap: reason=unstable_if action=reinterpret pc=0x0000000003d81940 method=java.io.WinNTFileSystem.prefixLength(Ljava/lang/String;)I @ 42
Event: 549.972 Thread 0x000000001be17000 Uncommon trap: reason=unstable_if action=reinterpret pc=0x00000000040272d4 method=java.io.WinNTFileSystem.prefixLength(Ljava/lang/String;)I @ 42
Event: 552.240 Thread 0x000000001be17000 Uncommon trap: reason=class_check action=maybe_recompile pc=0x00000000036f34a4 method=sun.misc.URLClassPath$1.next()Z @ 46

Internal exceptions (10 events):
Event: 552.428 Thread 0x000000001be17000 Exception <a 'java/lang/ClassNotFoundException': org/jetbrains/plugins/gradle/model/scala/ScalaModelBeanInfo> (0x00000000e7e3f700) thrown at [C:\src\android\AOSP-openjdk\external\jetbrains\jdk\hotspot\src\share\vm\classfile\systemDictionary.cpp, line 210]
Event: 552.431 Thread 0x000000001be17000 Exception <a 'java/lang/ClassNotFoundException': org/jetbrains/plugins/gradle/model/scala/ScalaModelCustomizer> (0x00000000e7e4ad60) thrown at [C:\src\android\AOSP-openjdk\external\jetbrains\jdk\hotspot\src\share\vm\classfile\systemDictionary.cpp, line 210RAVÇ†CÅ@
Event: 552.453 Thread 0x000000001be17000 Exception <a 'java/lang/ClassNotFoundException': org/jetbrains/plugins/gradle/tooling/builder/TasksFactoryBeanInfo> (0x00000000e7e81c68) thrown at [C:\src\android\AOSP-openjdk\external\jetbrains\jdk\hotspot\src\share\vm\classfile\systemDictionary.cpp, line¶hE-¢CÅ@
Event: 552.454 Thread 0x000000001be17000 Exception <a 'java/lang/ClassNotFoundException': org/jetbrains/plugins/gradle/tooling/builder/TasksFactoryCustomizer> (0x00000000e7e8dd88) thrown at [C:\src\android\AOSP-openjdk\external\jetbrains\jdk\hotspot\src\share\vm\classfile\systemDictionary.cpp, liZ(˛”CÅ@
Event: 552.478 Thread 0x000000001be17000 Exception <a 'java/lang/ClassNotFoundException': org/jetbrains/plugins/gradle/tooling/builder/ExternalProjectBuilderImplBeanInfo> (0x00000000e7ecd390) thrown at [C:\src\android\AOSP-openjdk\external\jetbrains\jdk\hotspot\src\share\vm\classfile\systemDictio
Event: 552.484 Thread 0x000000001be17000 Exception <a 'java/lang/ClassNotFoundException': org/jetbrains/plugins/gradle/tooling/builder/ExternalProjectBuilderImplCustomizer> (0x00000000e7eda8b8) thrown at [C:\src\android\AOSP-openjdk\external\jetbrains\jdk\hotspot\src\share\vm\classfile\systemDict‰aÆ…	DÅ@
Event: 552.505 Thread 0x000000001be17000 Exception <a 'java/lang/ClassNotFoundException': org/jetbrains/plugins/gradle/model/ExternalProjectBeanInfo> (0x00000000e7f0fb00) thrown at [C:\src\android\AOSP-openjdk\external\jetbrains\jdk\hotspot\src\share\vm\classfile\systemDictionary.cpp, line 210]
Event: 552.513 Thread 0x000000001be17000 Exception <a 'java/lang/ClassNotFoundException': org/jetbrains/plugins/gradle/model/ExternalProjectCustomizer> (0x00000000e7f1af00) thrown at [C:\src\android\AOSP-openjdk\external\jetbrains\jdk\hotspot\src\share\vm\classfile\systemDictionary.cpp, line 210]∑–˜7DÅ@
Event: 552.527 Thread 0x000000001be17000 Exception <a 'java/lang/ClassNotFoundException': org/jetbrains/plugins/gradle/model/ExternalProjectPreviewBeanInfo> (0x00000000e7f50450) thrown at [C:\src\android\AOSP-openjdk\external\jetbrains\jdk\hotspot\src\share\vm\classfile\systemDictionary.cpp, linec£‚ODÅ@
Event: 552.539 Thread 0x000000001be17000 Exception <a 'java/lang/ClassNotFoundException': org/jetbrains/plugins/gradle/model/ExternalProjectPreviewCustomizer> (0x00000000e7f5c538) thrown at [C:\src\android\AOSP-openjdk\external\jetbrains\jdk\hotspot\src\share\vm\classfile\systemDictionary.cpp, liM>2ülCÅ@

Events (10 events):
Event: 552.520 loading class groovy/runtime/metaclass/org/jetbrains/plugins/gradle/model/ExternalProjectPreviewMetaClass
Event: 552.520 loading class groovy/runtime/metaclass/org/jetbrains/plugins/gradle/model/ExternalProjectPreviewMetaClass done
Event: 552.522 loading class org/jetbrains/plugins/gradle/model/ExternalProjectPreviewBeanInfo
Event: 552.522 loading class org/jetbrains/plugins/gradle/model/ExternalProjectPreviewBeanInfo done
Event: 552.527 loading class org/jetbrains/plugins/gradle/model/ExternalProjectPreviewBeanInfo
Event: 552.527 loading class org/jetbrains/plugins/gradle/model/ExternalProjectPreviewBeanInfo done
Event: 552.537 loading class org/jetbrains/plugins/gradle/model/ExternalProjectPreviewCustomizer
Event: 552.538 loading class org/jetbrains/plugins/gradle/model/ExternalProjectPreviewCustomizer done
Event: 552.539 loading class org/jetbrains/plugins/gradle/model/ExternalProjectPreviewCustomizer
Event: 552.539 loading class org/jetbrains/plugins/gradle/model/ExternalProjectPreviewCustomizer done


Dynamic libraries:
0x00007ff75d1e0000 - 0x00007ff75d211000 	D:\Android Studio\jre\bin\java.exe
0x00007ff890b30000 - 0x00007ff890d11000 	C:\WINDOWS\SYSTEM32\ntdll.dll
0x00007ff88ed00000 - 0x00007ff88edb2000 	C:\WINDOWS\System32\KERNEL32.DLL
0x00007ff88d130000 - 0x00007ff88d3a3000 	C:\WINDOWS\System32\KERNELBASE.dll
0x00007ff88f4b0000 - 0x00007ff88f551000 	C:\WINDOWS\System32\ADVAPI32.dll
0x00007ff88ef60000 - 0x00007ff88effe000 	C:\WINDOWS\System32\msvcrt.dll
0x00007ff88e120000 - 0x00007ff88e17b000 	C:\WINDOWS\System32\sechost.dll
0x00007ff88f200000 - 0x00007ff88f324000 	C:\WINDOWS\System32\RPCRT4.dll
0x00007ff88f070000 - 0x00007ff88f200000 	C:\WINDOWS\System32\USER32.dll
0x00007ff88dd60000 - 0x00007ff88dd80000 	C:\WINDOWS\System32\win32u.dll
0x00007ff88ecd0000 - 0x00007ff88ecf8000 	C:\WINDOWS\System32\GDI32.dll
0x00007ff88dd80000 - 0x00007ff88df12000 	C:\WINDOWS\System32\gdi32full.dll
0x00007ff88df20000 - 0x00007ff88dfbf000 	C:\WINDOWS\System32\msvcp_win.dll
0x00007ff88cf80000 - 0x00007ff88d07a000 	C:\WINDOWS\System32\ucrtbase.dll
0x00007ff8803f0000 - 0x00007ff880659000 	C:\WINDOWS\WinSxS\amd64_microsoft.windows.common-controls_6595b64144ccf1df_6.0.17134.376_none_fb439a3730647da2\COMCTL32.dll
0x00007ff88e5e0000 - 0x00007ff88e903000 	C:\WINDOWS\System32\combase.dll
0x00007ff88cf00000 - 0x00007ff88cf7a000 	C:\WINDOWS\System32\bcryptPrimitives.dll
0x00007ff890ad0000 - 0x00007ff890afd000 	C:\WINDOWS\System32\IMM32.DLL
0x0000000059530000 - 0x0000000059602000 	D:\Android Studio\jre\jre\bin\msvcr100.dll
0x00000000587c0000 - 0x0000000058ff4000 	D:\Android Studio\jre\jre\bin\server\jvm.dll
0x00007ff88e0b0000 - 0x00007ff88e0b8000 	C:\WINDOWS\System32\PSAPI.DLL
0x00007ff8869d0000 - 0x00007ff8869da000 	C:\WINDOWS\SYSTEM32\VERSION.dll
0x00007ff889830000 - 0x00007ff889853000 	C:\WINDOWS\SYSTEM32\WINMM.dll
0x00007ff879540000 - 0x00007ff879549000 	C:\WINDOWS\SYSTEM32\WSOCK32.dll
0x00007ff88ea10000 - 0x00007ff88ea7c000 	C:\WINDOWS\System32\WS2_32.dll
0x00007ff8897b0000 - 0x00007ff8897da000 	C:\WINDOWS\SYSTEM32\winmmbase.dll
0x00007ff88d080000 - 0x00007ff88d0c9000 	C:\WINDOWS\System32\cfgmgr32.dll
0x00007ff8878a0000 - 0x00007ff8878af000 	D:\Android Studio\jre\jre\bin\verify.dll
0x00007ff880cf0000 - 0x00007ff880d19000 	D:\Android Studio\jre\jre\bin\java.dll
0x00007ff880150000 - 0x00007ff880166000 	D:\Android Studio\jre\jre\bin\zip.dll
0x00007ff88f690000 - 0x00007ff890acf000 	C:\WINDOWS\System32\SHELL32.dll
0x00007ff88f5e0000 - 0x00007ff88f689000 	C:\WINDOWS\System32\shcore.dll
0x00007ff88d5a0000 - 0x00007ff88dcad000 	C:\WINDOWS\System32\windows.storage.dll
0x00007ff88f010000 - 0x00007ff88f061000 	C:\WINDOWS\System32\shlwapi.dll
0x00007ff88cec0000 - 0x00007ff88ced1000 	C:\WINDOWS\System32\kernel.appcore.dll
0x00007ff88cee0000 - 0x00007ff88ceff000 	C:\WINDOWS\System32\profapi.dll
0x00007ff88ce70000 - 0x00007ff88cebc000 	C:\WINDOWS\System32\powrprof.dll
0x00007ff88ce60000 - 0x00007ff88ce6a000 	C:\WINDOWS\System32\FLTLIB.DLL
0x00007ff87f6a0000 - 0x00007ff87f6ba000 	D:\Android Studio\jre\jre\bin\net.dll
0x00007ff88c6a0000 - 0x00007ff88c706000 	C:\WINDOWS\system32\mswsock.dll
0x00007ff87f680000 - 0x00007ff87f691000 	D:\Android Studio\jre\jre\bin\nio.dll
0x00007ff87d370000 - 0x00007ff87d382000 	C:\Users\14323\.gradle\native\19\windows-amd64\native-platform.dll
0x00007ff88c850000 - 0x00007ff88c867000 	C:\WINDOWS\SYSTEM32\CRYPTSP.dll
0x00007ff88c280000 - 0x00007ff88c2b3000 	C:\WINDOWS\system32\rsaenh.dll
0x00007ff88c980000 - 0x00007ff88c9a5000 	C:\WINDOWS\SYSTEM32\bcrypt.dll
0x00007ff88cd70000 - 0x00007ff88cd98000 	C:\WINDOWS\SYSTEM32\USERENV.dll
0x00007ff88c870000 - 0x00007ff88c87b000 	C:\WINDOWS\SYSTEM32\CRYPTBASE.dll
0x00007ff88c420000 - 0x00007ff88c458000 	C:\WINDOWS\SYSTEM32\IPHLPAPI.DLL
0x00007ff88e5d0000 - 0x00007ff88e5d8000 	C:\WINDOWS\System32\NSI.dll
0x00007ff885420000 - 0x00007ff885436000 	C:\WINDOWS\SYSTEM32\dhcpcsvc6.DLL
0x00007ff885400000 - 0x00007ff88541a000 	C:\WINDOWS\SYSTEM32\dhcpcsvc.DLL
0x00007ff8851b0000 - 0x00007ff8851bd000 	D:\Android Studio\jre\jre\bin\management.dll

VM Arguments:
jvm_args: -Xmx1536m -Dfile.encoding=GBK -Duser.country=CN -Duser.language=zh -Duser.variant 
java_command: org.gradle.launcher.daemon.bootstrap.GradleDaemon 2.14.1
java_class_path (initial): D:\Android Studio\gradle\gradle-2.14.1\lib\gradle-launcher-2.14.1.jar
Launcher Type: SUN_STANDARD

Environment Variables:
PATH=C:\ProgramData\Oracle\Java\javapath;C:\WINDOWS\system32;C:\WINDOWS;C:\WINDOWS\System32\Wbem;C:\WINDOWS\System32\WindowsPowerShell\v1.0\;C:\WINDOWS\System32\OpenSSH\;C:\Users\14323\AppData\Local\Microsoft\WindowsApps;
USERNAME=14323
OS=Windows_NT
PROCESSOR_IDENTIFIER=Intel64 Family 6 Model 158 Stepping 9, GenuineIntel



---------------  S Y S T E M  ---------------

OS: Windows 10.0 , 64 bit Build 17134 (10.0.17134.1)

CPU:total 8 (4 cores per cpu, 2 threads per core) family 6 model 158 stepping 9, cmov, cx8, fxsr, mmx, sse, sse2, sse3, ssse3, sse4.1, sse4.2, popcnt, avx, avx2, aes, clmul, erms, 3dnowpref, lzcnt, ht, tsc, tscinvbit, bmi1, bmi2, adx

Memory: 4k page, physical 8239608k(588088k free), swap 14794124k(5492k free)

vm_info: OpenJDK 64-Bit Server VM (25.76-b03) for windows-amd64 JRE (1.8.0_76-release-b03), built on Jun 29 2016 19:09:20 by "ralucas" with MS VC++ 10.0 (VS2010)

time: Mon Dec 03 19:21:26 2018
elapsed time: 552 seconds (0d 0h 9m 12s)

