#
# There is insufficient memory for the Java Runtime Environment to continue.
# Native memory allocation (malloc) failed to allocate 1053856 bytes for Chunk::new
# Possible reasons:
#   The system is out of physical RAM or swap space
#   In 32 bit mode, the process size limit was hit
# Possible solutions:
#   Reduce memory load on the system
#   Increase physical memory or swap space
#   Check if swap backing store is full
#   Use 64 bit Java on a 64 bit OS
#   Decrease Java heap size (-Xmx/-Xms)
#   Decrease number of Java threads
#   Decrease Java thread stack sizes (-Xss)
#   Set larger code cache with -XX:ReservedCodeCacheSize=
# This output file may be truncated or incomplete.
#
#  Out of Memory Error (allocation.cpp:390), pid=12348, tid=0x00000000000020e4
#
# JRE version: OpenJDK Runtime Environment (8.0_76-b03) (build 1.8.0_76-release-b03)
# Java VM: OpenJDK 64-Bit Server VM (25.76-b03 mixed mode windows-amd64 compressed oops)
# Failed to write core dump. Minidumps are not enabled by default on client versions of Windows
#

---------------  T H R E A D  ---------------

Current thread (0x0000000019416800):  JavaThread "C2 CompilerThread0" daemon [_thread_in_native, id=8420, stack(0x0000000019a90000,0x0000000019b90000)]

Stack: [0x0000000019a90000,0x0000000019b90000]
[error occurred during error reporting (printing stack bounds), id 0xc0000005]

Native frames: (J=compiled Java code, j=interpreted, Vv=VM code, C=native code)


Current CompileTask:
C2:1267389 18602       4       com.android.dx.dex.file.DebugInfoEncoder::emitPositionsAtAddress (48 bytes)


---------------  P R O C E S S  ---------------

Java Threads: ( => current thread )
  0x000000001964e000 JavaThread "pool-25-thread-8" [_thread_blocked, id=14748, stack(0x000000002a560000,0x000000002a660000)]
  0x000000001964d000 JavaThread "pool-25-thread-7" [_thread_blocked, id=15628, stack(0x000000002a460000,0x000000002a560000)]
  0x0000000019651000 JavaThread "pool-25-thread-6" [_thread_blocked, id=12744, stack(0x000000002a360000,0x000000002a460000)]
  0x000000001964f800 JavaThread "pool-25-thread-5" [_thread_blocked, id=5976, stack(0x000000002a260000,0x000000002a360000)]
  0x0000000019654000 JavaThread "pool-25-thread-4" [_thread_blocked, id=3640, stack(0x000000002a160000,0x000000002a260000)]
  0x0000000019645800 JavaThread "pool-25-thread-3" [_thread_blocked, id=4568, stack(0x000000002a060000,0x000000002a160000)]
  0x000000001964b800 JavaThread "pool-25-thread-2" [_thread_blocked, id=11292, stack(0x0000000029f60000,0x000000002a060000)]
  0x000000001e732000 JavaThread "pool-25-thread-1" [_thread_blocked, id=12784, stack(0x0000000029e60000,0x0000000029f60000)]
  0x000000001e731800 JavaThread "Stdin handler" [_thread_blocked, id=15840, stack(0x0000000029d60000,0x0000000029e60000)]
  0x000000001e730800 JavaThread "Asynchronous log dispatcher for org.gradle.launcher.daemon.server.DefaultDaemonConnection@1f936b60" [_thread_blocked, id=1716, stack(0x0000000029c60000,0x0000000029d60000)]
  0x000000001e72e800 JavaThread "Cancel handler" [_thread_blocked, id=14360, stack(0x0000000029b60000,0x0000000029c60000)]
  0x000000001e72c000 JavaThread "Handler for socket connection from /127.0.0.1:21659 to /127.0.0.1:22654" [_thread_in_native, id=14380, stack(0x0000000029a60000,0x0000000029b60000)]
  0x0000000019646000 JavaThread "Daemon worker Thread 4" [_thread_in_native, id=15480, stack(0x0000000028f60000,0x0000000029060000)]
  0x0000000019648000 JavaThread "Daemon Thread 4" [_thread_blocked, id=7492, stack(0x0000000028c60000,0x0000000028d60000)]
  0x0000000019653000 JavaThread "pool-10-thread-4" [_thread_blocked, id=2092, stack(0x0000000028860000,0x0000000028960000)]
  0x0000000019647000 JavaThread "pool-10-thread-3" [_thread_blocked, id=32, stack(0x0000000027e60000,0x0000000027f60000)]
  0x0000000019651800 JavaThread "pool-10-thread-2" [_thread_blocked, id=7964, stack(0x0000000027660000,0x0000000027760000)]
  0x000000001964a000 JavaThread "pool-10-thread-1" [_thread_blocked, id=11236, stack(0x0000000026b60000,0x0000000026c60000)]
  0x000000001ca68800 JavaThread "File lock request listener" [_thread_in_native, id=8984, stack(0x000000001db30000,0x000000001dc30000)]
  0x000000001ad76000 JavaThread "pool-1-thread-1" [_thread_blocked, id=9604, stack(0x000000001bc20000,0x000000001bd20000)]
  0x000000001ad57800 JavaThread "Incoming local TCP Connector on port 21659" [_thread_in_native, id=8380, stack(0x000000001b920000,0x000000001ba20000)]
  0x00000000194b9800 JavaThread "Service Thread" daemon [_thread_blocked, id=1368, stack(0x0000000019e90000,0x0000000019f90000)]
  0x0000000019430800 JavaThread "C1 CompilerThread3" daemon [_thread_blocked, id=15104, stack(0x0000000019d90000,0x0000000019e90000)]
  0x000000001941c800 JavaThread "C2 CompilerThread2" daemon [_thread_in_native, id=5908, stack(0x0000000019c90000,0x0000000019d90000)]
  0x00000000174ad800 JavaThread "C2 CompilerThread1" daemon [_thread_in_native, id=9920, stack(0x0000000019b90000,0x0000000019c90000)]
=>0x0000000019416800 JavaThread "C2 CompilerThread0" daemon [_thread_in_native, id=8420, stack(0x0000000019a90000,0x0000000019b90000)]
  0x0000000019415000 JavaThread "Attach Listener" daemon [_thread_blocked, id=14564, stack(0x0000000019990000,0x0000000019a90000)]
  0x00000000193ca800 JavaThread "Signal Dispatcher" daemon [_thread_blocked, id=10440, stack(0x0000000019890000,0x0000000019990000)]
  0x00000000036dd800 JavaThread "Finalizer" daemon [_thread_blocked, id=10120, stack(0x0000000019790000,0x0000000019890000)]
  0x00000000036d5000 JavaThread "Reference Handler" daemon [_thread_blocked, id=13088, stack(0x0000000019290000,0x0000000019390000)]
  0x00000000035de800 JavaThread "main" [_thread_blocked, id=16252, stack(0x0000000003420000,0x0000000003520000)]

Other Threads:
  0x0000000017497800 VMThread [stack: 0x0000000019190000,0x0000000019290000] [id=15284]
  0x00000000194ba000 WatcherThread [stack: 0x0000000019f90000,0x000000001a090000] [id=15920]

VM state:not at safepoint (normal execution)

VM Mutex/Monitor currently owned by a thread: None

Heap:
 PSYoungGen      total 422912K, used 205900K [0x00000000e0000000, 0x0000000100000000, 0x0000000100000000)
  eden space 350720K, 38% used [0x00000000e0000000,0x00000000e82998f8,0x00000000f5680000)
  from space 72192K, 99% used [0x00000000f5680000,0x00000000f9cf9ad0,0x00000000f9d00000)
  to   space 98816K, 0% used [0x00000000f9f80000,0x00000000f9f80000,0x0000000100000000)
 ParOldGen       total 187904K, used 140706K [0x00000000a0000000, 0x00000000ab780000, 0x00000000e0000000)
  object space 187904K, 74% used [0x00000000a0000000,0x00000000a8968998,0x00000000ab780000)
 Metaspace       used 74063K, capacity 78022K, committed 78208K, reserved 1118208K
  class space    used 9489K, capacity 10232K, committed 10368K, reserved 1048576K

Card table byte_map: [0x0000000012aa0000,0x0000000012db0000] byte_map_base: 0x00000000125a0000

Marking Bits: (ParMarkBitMap*) 0x0000000058f79d00
 Begin Bits: [0x00000000137b0000, 0x0000000014fb0000)
 End Bits:   [0x0000000014fb0000, 0x00000000167b0000)

Polling page: 0x00000000014e0000

CodeCache: size=245760Kb used=53882Kb max_used=53889Kb free=191877Kb
 bounds [0x00000000036e0000, 0x0000000006bd0000, 0x00000000126e0000]
 total_blobs=15465 nmethods=14712 adapters=664
 compilation: enabled

Compilation events (10 events):
Event: 1267.187 Thread 0x00000000174ad800 nmethod 18610 0x0000000006b8dd90 code [0x0000000006b8df00, 0x0000000006b8e198]
Event: 1267.187 Thread 0x00000000174ad800 18365       4       com.android.dx.dex.file.Section::getAbsoluteOffset (38 bytes)
Event: 1267.189 Thread 0x00000000174ad800 nmethod 18365 0x0000000006b5f290 code [0x0000000006b5f3c0, 0x0000000006b5f458]
Event: 1267.189 Thread 0x00000000174ad800 18563       4       com.android.dx.dex.code.DalvCode::finishProcessingIfNecessary (69 bytes)
Event: 1267.247 Thread 0x0000000019430800 18616       1       com.android.build.gradle.internal.pipeline.ImmutableTransformInput::getDirectoryInputs (5 bytes)
Event: 1267.247 Thread 0x0000000019430800 nmethod 18616 0x00000000061b4750 code [0x00000000061b48a0, 0x00000000061b49b0]
Event: 1267.261 Thread 0x0000000019430800 18617       1       org.gradle.api.internal.project.taskfactory.AnnotationProcessingTaskFactory$4::isSatisfiedBy (2 bytes)
Event: 1267.261 Thread 0x0000000019430800 nmethod 18617 0x0000000006892a10 code [0x0000000006892b60, 0x0000000006892c70]
Event: 1267.270 Thread 0x0000000019430800 18618       2       org.gradle.api.internal.tasks.DefaultTaskInputs::getProperties (74 bytes)
Event: 1267.271 Thread 0x0000000019430800 nmethod 18618 0x0000000006ba5490 code [0x0000000006ba5680, 0x0000000006ba5ac8]

GC Heap History (10 events):
Event: 1260.003 GC heap before
{Heap before GC invocations=29 (full 5):
 PSYoungGen      total 291328K, used 278610K [0x00000000e0000000, 0x00000000f6400000, 0x0000000100000000)
  eden space 259584K, 100% used [0x00000000e0000000,0x00000000efd80000,0x00000000efd80000)
  from space 31744K, 59% used [0x00000000efd80000,0x00000000f1014948,0x00000000f1c80000)
  to   space 32768K, 0% used [0x00000000f4400000,0x00000000f4400000,0x00000000f6400000)
 ParOldGen       total 89088K, used 51488K [0x00000000a0000000, 0x00000000a5700000, 0x00000000e0000000)
  object space 89088K, 57% used [0x00000000a0000000,0x00000000a32480f0,0x00000000a5700000)
 Metaspace       used 73894K, capacity 77772K, committed 77952K, reserved 1116160K
  class space    used 9492K, capacity 10241K, committed 10368K, reserved 1048576K
Event: 1260.097 GC heap after
Heap after GC invocations=29 (full 5):
 PSYoungGen      total 316416K, used 32756K [0x00000000e0000000, 0x00000000f9e80000, 0x0000000100000000)
  eden space 283648K, 0% used [0x00000000e0000000,0x00000000e0000000,0x00000000f1500000)
  from space 32768K, 99% used [0x00000000f4400000,0x00000000f63fd1f8,0x00000000f6400000)
  to   space 48128K, 0% used [0x00000000f1500000,0x00000000f1500000,0x00000000f4400000)
 ParOldGen       total 89088K, used 77566K [0x00000000a0000000, 0x00000000a5700000, 0x00000000e0000000)
  object space 89088K, 87% used [0x00000000a0000000,0x00000000a4bbfb20,0x00000000a5700000)
 Metaspace       used 73894K, capacity 77772K, committed 77952K, reserved 1116160K
  class space    used 9492K, capacity 10241K, committed 10368K, reserved 1048576K
}
Event: 1260.097 GC heap before
{Heap before GC invocations=30 (full 6):
 PSYoungGen      total 316416K, used 32756K [0x00000000e0000000, 0x00000000f9e80000, 0x0000000100000000)
  eden space 283648K, 0% used [0x00000000e0000000,0x00000000e0000000,0x00000000f1500000)
  from space 32768K, 99% used [0x00000000f4400000,0x00000000f63fd1f8,0x00000000f6400000)
  to   space 48128K, 0% used [0x00000000f1500000,0x00000000f1500000,0x00000000f4400000)
 ParOldGen       total 89088K, used 77566K [0x00000000a0000000, 0x00000000a5700000, 0x00000000e0000000)
  object space 89088K, 87% used [0x00000000a0000000,0x00000000a4bbfb20,0x00000000a5700000)
 Metaspace       used 73894K, capacity 77772K, committed 77952K, reserved 1116160K
  class space    used 9492K, capacity 10241K, committed 10368K, reserved 1048576K
Event: 1261.131 GC heap after
Heap after GC invocations=30 (full 6):
 PSYoungGen      total 316416K, used 19322K [0x00000000e0000000, 0x00000000f9e80000, 0x0000000100000000)
  eden space 283648K, 0% used [0x00000000e0000000,0x00000000e0000000,0x00000000f1500000)
  from space 32768K, 58% used [0x00000000f4400000,0x00000000f56dea38,0x00000000f6400000)
  to   space 48128K, 0% used [0x00000000f1500000,0x00000000f1500000,0x00000000f4400000)
 ParOldGen       total 187904K, used 88948K [0x00000000a0000000, 0x00000000ab780000, 0x00000000e0000000)
  object space 187904K, 47% used [0x00000000a0000000,0x00000000a56dd058,0x00000000ab780000)
 Metaspace       used 73867K, capacity 77706K, committed 77952K, reserved 1116160K
  class space    used 9482K, capacity 10222K, committed 10368K, reserved 1048576K
}
Event: 1262.611 GC heap before
{Heap before GC invocations=31 (full 6):
 PSYoungGen      total 316416K, used 302970K [0x00000000e0000000, 0x00000000f9e80000, 0x0000000100000000)
  eden space 283648K, 100% used [0x00000000e0000000,0x00000000f1500000,0x00000000f1500000)
  from space 32768K, 58% used [0x00000000f4400000,0x00000000f56dea38,0x00000000f6400000)
  to   space 48128K, 0% used [0x00000000f1500000,0x00000000f1500000,0x00000000f4400000)
 ParOldGen       total 187904K, used 88948K [0x00000000a0000000, 0x00000000ab780000, 0x00000000e0000000)
  object space 187904K, 47% used [0x00000000a0000000,0x00000000a56dd058,0x00000000ab780000)
 Metaspace       used 73983K, capacity 77834K, committed 78208K, reserved 1118208K
  class space    used 9483K, capacity 10222K, committed 10368K, reserved 1048576K
Event: 1262.702 GC heap after
Heap after GC invocations=31 (full 6):
 PSYoungGen      total 331776K, used 48110K [0x00000000e0000000, 0x00000000fd680000, 0x0000000100000000)
  eden space 283648K, 0% used [0x00000000e0000000,0x00000000e0000000,0x00000000f1500000)
  from space 48128K, 99% used [0x00000000f1500000,0x00000000f43fba00,0x00000000f4400000)
  to   space 58880K, 0% used [0x00000000f9d00000,0x00000000f9d00000,0x00000000fd680000)
 ParOldGen       total 187904K, used 95989K [0x00000000a0000000, 0x00000000ab780000, 0x00000000e0000000)
  object space 187904K, 51% used [0x00000000a0000000,0x00000000a5dbd760,0x00000000ab780000)
 Metaspace       used 73983K, capacity 77834K, committed 78208K, reserved 1118208K
  class space    used 9483K, capacity 10222K, committed 10368K, reserved 1048576K
}
Event: 1263.578 GC heap before
{Heap before GC invocations=32 (full 6):
 PSYoungGen      total 331776K, used 331758K [0x00000000e0000000, 0x00000000fd680000, 0x0000000100000000)
  eden space 283648K, 100% used [0x00000000e0000000,0x00000000f1500000,0x00000000f1500000)
  from space 48128K, 99% used [0x00000000f1500000,0x00000000f43fba00,0x00000000f4400000)
  to   space 58880K, 0% used [0x00000000f9d00000,0x00000000f9d00000,0x00000000fd680000)
 ParOldGen       total 187904K, used 95989K [0x00000000a0000000, 0x00000000ab780000, 0x00000000e0000000)
  object space 187904K, 51% used [0x00000000a0000000,0x00000000a5dbd760,0x00000000ab780000)
 Metaspace       used 74016K, capacity 77834K, committed 78208K, reserved 1118208K
  class space    used 9483K, capacity 10222K, committed 10368K, reserved 1048576K
Event: 1263.682 GC heap after
Heap after GC invocations=32 (full 6):
 PSYoungGen      total 409600K, used 58875K [0x00000000e0000000, 0x00000000ff980000, 0x0000000100000000)
  eden space 350720K, 0% used [0x00000000e0000000,0x00000000e0000000,0x00000000f5680000)
  from space 58880K, 99% used [0x00000000f9d00000,0x00000000fd67ec10,0x00000000fd680000)
  to   space 72192K, 0% used [0x00000000f5680000,0x00000000f5680000,0x00000000f9d00000)
 ParOldGen       total 187904K, used 103236K [0x00000000a0000000, 0x00000000ab780000, 0x00000000e0000000)
  object space 187904K, 54% used [0x00000000a0000000,0x00000000a64d1038,0x00000000ab780000)
 Metaspace       used 74016K, capacity 77834K, committed 78208K, reserved 1118208K
  class space    used 9483K, capacity 10222K, committed 10368K, reserved 1048576K
}
Event: 1265.103 GC heap before
{Heap before GC invocations=33 (full 6):
 PSYoungGen      total 409600K, used 409595K [0x00000000e0000000, 0x00000000ff980000, 0x0000000100000000)
  eden space 350720K, 100% used [0x00000000e0000000,0x00000000f5680000,0x00000000f5680000)
  from space 58880K, 99% used [0x00000000f9d00000,0x00000000fd67ec10,0x00000000fd680000)
  to   space 72192K, 0% used [0x00000000f5680000,0x00000000f5680000,0x00000000f9d00000)
 ParOldGen       total 187904K, used 103236K [0x00000000a0000000, 0x00000000ab780000, 0x00000000e0000000)
  object space 187904K, 54% used [0x00000000a0000000,0x00000000a64d1038,0x00000000ab780000)
 Metaspace       used 74030K, capacity 77834K, committed 78208K, reserved 1118208K
  class space    used 9483K, capacity 10222K, committed 10368K, reserved 1048576K
Event: 1265.294 GC heap after
Heap after GC invocations=33 (full 6):
 PSYoungGen      total 422912K, used 72166K [0x00000000e0000000, 0x0000000100000000, 0x0000000100000000)
  eden space 350720K, 0% used [0x00000000e0000000,0x00000000e0000000,0x00000000f5680000)
  from space 72192K, 99% used [0x00000000f5680000,0x00000000f9cf9ad0,0x00000000f9d00000)
  to   space 98816K, 0% used [0x00000000f9f80000,0x00000000f9f80000,0x0000000100000000)
 ParOldGen       total 187904K, used 140706K [0x00000000a0000000, 0x00000000ab780000, 0x00000000e0000000)
  object space 187904K, 74% used [0x00000000a0000000,0x00000000a8968998,0x00000000ab780000)
 Metaspace       used 74030K, capacity 77834K, committed 78208K, reserved 1118208K
  class space    used 9483K, capacity 10222K, committed 10368K, reserved 1048576K
}

Deoptimization events (10 events):
Event: 1264.489 Thread 0x000000001b664800 Uncommon trap: reason=unstable_if action=reinterpret pc=0x000000000424ca48 method=java.util.concurrent.ConcurrentHashMap.transfer([Ljava/util/concurrent/ConcurrentHashMap$Node;[Ljava/util/concurrent/ConcurrentHashMap$Node;)V @ 175
Event: 1264.489 Thread 0x000000001b65b000 Uncommon trap: reason=unstable_if action=reinterpret pc=0x000000000424caec method=java.util.concurrent.ConcurrentHashMap.transfer([Ljava/util/concurrent/ConcurrentHashMap$Node;[Ljava/util/concurrent/ConcurrentHashMap$Node;)V @ 277
Event: 1264.489 Thread 0x000000001b664000 Uncommon trap: reason=unstable_if action=reinterpret pc=0x00000000044ae3ec method=java.util.concurrent.ConcurrentHashMap.transfer([Ljava/util/concurrent/ConcurrentHashMap$Node;[Ljava/util/concurrent/ConcurrentHashMap$Node;)V @ 277
Event: 1264.489 Thread 0x000000001b664000 Uncommon trap: reason=unstable_if action=reinterpret pc=0x00000000069243dc method=java.util.concurrent.ConcurrentHashMap.addCount(JI)V @ 168
Event: 1264.491 Thread 0x000000001b664000 Uncommon trap: reason=unstable_if action=reinterpret pc=0x00000000067c6ff0 method=java.util.concurrent.ConcurrentHashMap.get(Ljava/lang/Object;)Ljava/lang/Object; @ 86
Event: 1264.492 Thread 0x000000001b664000 Uncommon trap: reason=unstable_if action=reinterpret pc=0x00000000039b6040 method=java.util.concurrent.ConcurrentHashMap.get(Ljava/lang/Object;)Ljava/lang/Object; @ 86
Event: 1265.334 Thread 0x000000001b664800 Uncommon trap: reason=class_check action=maybe_recompile pc=0x0000000006b192f4 method=com.android.dx.ssa.back.FirstFitLocalCombiningAllocator.findNextUnreservedRopReg(IILcom/android/dx/ssa/back/FirstFitLocalCombiningAllocator$Alignment;)I @ 60
Event: 1265.342 Thread 0x000000001b664800 Uncommon trap: reason=bimorphic action=maybe_recompile pc=0x0000000006aa8b50 method=com.android.dx.cf.code.BytecodeArray.parseInstruction(ILcom/android/dx/cf/code/BytecodeArray$Visitor;)I @ 1549
Event: 1265.343 Thread 0x000000001b664800 Uncommon trap: reason=bimorphic action=maybe_recompile pc=0x0000000006aa8b50 method=com.android.dx.cf.code.BytecodeArray.parseInstruction(ILcom/android/dx/cf/code/BytecodeArray$Visitor;)I @ 1549
Event: 1266.252 Thread 0x000000001b65c800 Uncommon trap: reason=unstable_if action=reinterpret pc=0x000000000536d964 method=com.android.dx.rop.code.RegisterSpecSet.<init>(I)V @ 2

Internal exceptions (10 events):
Event: 1224.335 Thread 0x0000000019646000 Exception <a 'java/lang/ClassNotFoundException': asLocalRepo720_3h5ds09zujrx2qoug8zwcnp1sCustomizer> (0x00000000e05cd518) thrown at [C:\src\android\AOSP-openjdk\external\jetbrains\jdk\hotspot\src\share\vm\classfile\systemDictionary.cpp, line 210]
Event: 1226.987 Thread 0x0000000019646000 Implicit null exception at 0x0000000003e4390d to 0x0000000003e43b39
Event: 1237.474 Thread 0x0000000019646000 Exception <a 'java/lang/ClassNotFoundException': asLocalRepo436_194har0flz06enhfnsjg1pq4bBeanInfo> (0x00000000eb03d0a0) thrown at [C:\src\android\AOSP-openjdk\external\jetbrains\jdk\hotspot\src\share\vm\classfile\systemDictionary.cpp, line 210]
Event: 1237.474 Thread 0x0000000019646000 Exception <a 'java/lang/ClassNotFoundException': asLocalRepo436_194har0flz06enhfnsjg1pq4bCustomizer> (0x00000000eb046c20) thrown at [C:\src\android\AOSP-openjdk\external\jetbrains\jdk\hotspot\src\share\vm\classfile\systemDictionary.cpp, line 210]
Event: 1241.507 Thread 0x0000000019646000 Exception <a 'java/lang/ClassNotFoundException': com/android/build/gradle/internal/LibraryCache$1BeanInfo> (0x00000000e301f230) thrown at [C:\src\android\AOSP-openjdk\external\jetbrains\jdk\hotspot\src\share\vm\classfile\systemDictionary.cpp, line 210]
Event: 1241.507 Thread 0x0000000019646000 Exception <a 'java/lang/ClassNotFoundException': com/android/build/gradle/internal/LibraryCache$1Customizer> (0x00000000e302fac8) thrown at [C:\src\android\AOSP-openjdk\external\jetbrains\jdk\hotspot\src\share\vm\classfile\systemDictionary.cpp, line 210]
Event: 1254.853 Thread 0x0000000019646000 Implicit null exception at 0x00000000060a36e4 to 0x00000000060a3a3f
Event: 1258.552 Thread 0x00000000210b6800 Implicit null exception at 0x0000000005897127 to 0x0000000005898891
Event: 1258.593 Thread 0x00000000210b3800 Implicit null exception at 0x000000000586929a to 0x0000000005869397
Event: 1261.722 Thread 0x000000001b659800 Implicit null exception at 0x00000000068181a3 to 0x0000000006818f05

Events (10 events):
Event: 1266.853 Thread 0x000000001b65d000 DEOPT UNPACKING pc=0x00000000037275bf sp=0x000000003555e7b8 mode 0
Event: 1266.880 Thread 0x000000001b65d000 DEOPT PACKING pc=0x0000000006786436 sp=0x000000003555e8f0
Event: 1266.880 Thread 0x000000001b65d000 DEOPT UNPACKING pc=0x00000000037275bf sp=0x000000003555e6c8 mode 0
Event: 1266.883 Thread 0x000000001b65d000 DEOPT PACKING pc=0x0000000005ed5a33 sp=0x000000003555ea40
Event: 1266.883 Thread 0x000000001b65d000 DEOPT UNPACKING pc=0x00000000037275bf sp=0x000000003555e7b8 mode 0
Event: 1266.902 Thread 0x000000001b65d000 DEOPT PACKING pc=0x0000000005ed5a33 sp=0x000000003555ea40
Event: 1266.902 Thread 0x000000001b65d000 DEOPT UNPACKING pc=0x00000000037275bf sp=0x000000003555e7b8 mode 0
Event: 1266.942 Thread 0x000000001b65d000 DEOPT PACKING pc=0x0000000005ed5a33 sp=0x000000003555ea40
Event: 1266.942 Thread 0x000000001b65d000 DEOPT UNPACKING pc=0x00000000037275bf sp=0x000000003555e7b8 mode 0
Event: 1267.191 Thread 0x000000001b65d000 Thread exited: 0x000000001b65d000


Dynamic libraries:
0x00007ff75d1e0000 - 0x00007ff75d211000 	D:\Android Studio\jre\bin\java.exe
0x00007ff890b30000 - 0x00007ff890d11000 	C:\WINDOWS\SYSTEM32\ntdll.dll
0x00007ff88ed00000 - 0x00007ff88edb2000 	C:\WINDOWS\System32\KERNEL32.DLL
0x00007ff88d130000 - 0x00007ff88d3a3000 	C:\WINDOWS\System32\KERNELBASE.dll
0x00007ff88f4b0000 - 0x00007ff88f551000 	C:\WINDOWS\System32\ADVAPI32.dll
0x00007ff88ef60000 - 0x00007ff88effe000 	C:\WINDOWS\System32\msvcrt.dll
0x00007ff88e120000 - 0x00007ff88e17b000 	C:\WINDOWS\System32\sechost.dll
0x00007ff88f200000 - 0x00007ff88f324000 	C:\WINDOWS\System32\RPCRT4.dll
0x00007ff88f070000 - 0x00007ff88f200000 	C:\WINDOWS\System32\USER32.dll
0x00007ff88dd60000 - 0x00007ff88dd80000 	C:\WINDOWS\System32\win32u.dll
0x00007ff88ecd0000 - 0x00007ff88ecf8000 	C:\WINDOWS\System32\GDI32.dll
0x00007ff88dd80000 - 0x00007ff88df12000 	C:\WINDOWS\System32\gdi32full.dll
0x00007ff88df20000 - 0x00007ff88dfbf000 	C:\WINDOWS\System32\msvcp_win.dll
0x00007ff88cf80000 - 0x00007ff88d07a000 	C:\WINDOWS\System32\ucrtbase.dll
0x00007ff8803f0000 - 0x00007ff880659000 	C:\WINDOWS\WinSxS\amd64_microsoft.windows.common-controls_6595b64144ccf1df_6.0.17134.376_none_fb439a3730647da2\COMCTL32.dll
0x00007ff88e5e0000 - 0x00007ff88e903000 	C:\WINDOWS\System32\combase.dll
0x00007ff88cf00000 - 0x00007ff88cf7a000 	C:\WINDOWS\System32\bcryptPrimitives.dll
0x00007ff890ad0000 - 0x00007ff890afd000 	C:\WINDOWS\System32\IMM32.DLL
0x0000000059530000 - 0x0000000059602000 	D:\Android Studio\jre\jre\bin\msvcr100.dll
0x00000000587c0000 - 0x0000000058ff4000 	D:\Android Studio\jre\jre\bin\server\jvm.dll
0x00007ff88e0b0000 - 0x00007ff88e0b8000 	C:\WINDOWS\System32\PSAPI.DLL
0x00007ff879540000 - 0x00007ff879549000 	C:\WINDOWS\SYSTEM32\WSOCK32.dll
0x00007ff8869d0000 - 0x00007ff8869da000 	C:\WINDOWS\SYSTEM32\VERSION.dll
0x00007ff889830000 - 0x00007ff889853000 	C:\WINDOWS\SYSTEM32\WINMM.dll
0x00007ff88ea10000 - 0x00007ff88ea7c000 	C:\WINDOWS\System32\WS2_32.dll
0x00007ff8897b0000 - 0x00007ff8897da000 	C:\WINDOWS\SYSTEM32\winmmbase.dll
0x00007ff88d080000 - 0x00007ff88d0c9000 	C:\WINDOWS\System32\cfgmgr32.dll
0x00007ff8878a0000 - 0x00007ff8878af000 	D:\Android Studio\jre\jre\bin\verify.dll
0x00007ff880cf0000 - 0x00007ff880d19000 	D:\Android Studio\jre\jre\bin\java.dll
0x00007ff880150000 - 0x00007ff880166000 	D:\Android Studio\jre\jre\bin\zip.dll
0x00007ff88f690000 - 0x00007ff890acf000 	C:\WINDOWS\System32\SHELL32.dll
0x00007ff88f5e0000 - 0x00007ff88f689000 	C:\WINDOWS\System32\shcore.dll
0x00007ff88d5a0000 - 0x00007ff88dcad000 	C:\WINDOWS\System32\windows.storage.dll
0x00007ff88f010000 - 0x00007ff88f061000 	C:\WINDOWS\System32\shlwapi.dll
0x00007ff88cec0000 - 0x00007ff88ced1000 	C:\WINDOWS\System32\kernel.appcore.dll
0x00007ff88cee0000 - 0x00007ff88ceff000 	C:\WINDOWS\System32\profapi.dll
0x00007ff88ce70000 - 0x00007ff88cebc000 	C:\WINDOWS\System32\powrprof.dll
0x00007ff88ce60000 - 0x00007ff88ce6a000 	C:\WINDOWS\System32\FLTLIB.DLL
0x00007ff87f6a0000 - 0x00007ff87f6ba000 	D:\Android Studio\jre\jre\bin\net.dll
0x00007ff88c6a0000 - 0x00007ff88c706000 	C:\WINDOWS\system32\mswsock.dll
0x00007ff87f680000 - 0x00007ff87f691000 	D:\Android Studio\jre\jre\bin\nio.dll
0x00007ff87d370000 - 0x00007ff87d382000 	C:\Users\14323\.gradle\native\19\windows-amd64\native-platform.dll
0x00007ff88c850000 - 0x00007ff88c867000 	C:\WINDOWS\SYSTEM32\CRYPTSP.dll
0x00007ff88c280000 - 0x00007ff88c2b3000 	C:\WINDOWS\system32\rsaenh.dll
0x00007ff88c980000 - 0x00007ff88c9a5000 	C:\WINDOWS\SYSTEM32\bcrypt.dll
0x00007ff88cd70000 - 0x00007ff88cd98000 	C:\WINDOWS\SYSTEM32\USERENV.dll
0x00007ff88c870000 - 0x00007ff88c87b000 	C:\WINDOWS\SYSTEM32\CRYPTBASE.dll
0x00007ff88c420000 - 0x00007ff88c458000 	C:\WINDOWS\SYSTEM32\IPHLPAPI.DLL
0x00007ff88e5d0000 - 0x00007ff88e5d8000 	C:\WINDOWS\System32\NSI.dll
0x00007ff885420000 - 0x00007ff885436000 	C:\WINDOWS\SYSTEM32\dhcpcsvc6.DLL
0x00007ff885400000 - 0x00007ff88541a000 	C:\WINDOWS\SYSTEM32\dhcpcsvc.DLL
0x00007ff8851b0000 - 0x00007ff8851bd000 	D:\Android Studio\jre\jre\bin\management.dll

VM Arguments:
jvm_args: -Xmx1536m -Dfile.encoding=GBK -Duser.country=CN -Duser.language=zh -Duser.variant 
java_command: org.gradle.launcher.daemon.bootstrap.GradleDaemon 2.14.1
java_class_path (initial): D:\Android Studio\gradle\gradle-2.14.1\lib\gradle-launcher-2.14.1.jar
Launcher Type: SUN_STANDARD

Environment Variables:
PATH=C:\ProgramData\Oracle\Java\javapath;C:\WINDOWS\system32;C:\WINDOWS;C:\WINDOWS\System32\Wbem;C:\WINDOWS\System32\WindowsPowerShell\v1.0\;C:\WINDOWS\System32\OpenSSH\;C:\Users\14323\AppData\Local\Microsoft\WindowsApps;
USERNAME=14323
OS=Windows_NT
PROCESSOR_IDENTIFIER=Intel64 Family 6 Model 158 Stepping 9, GenuineIntel



---------------  S Y S T E M  ---------------

OS: Windows 10.0 , 64 bit Build 17134 (10.0.17134.1)

CPU:total 8 (4 cores per cpu, 2 threads per core) family 6 model 158 stepping 9, cmov, cx8, fxsr, mmx, sse, sse2, sse3, ssse3, sse4.1, sse4.2, popcnt, avx, avx2, aes, clmul, erms, 3dnowpref, lzcnt, ht, tsc, tscinvbit, bmi1, bmi2, adx

Memory: 4k page, physical 8239608k(1204688k free), swap 14794124k(4104k free)

vm_info: OpenJDK 64-Bit Server VM (25.76-b03) for windows-amd64 JRE (1.8.0_76-release-b03), built on Jun 29 2016 19:09:20 by "ralucas" with MS VC++ 10.0 (VS2010)

time: Mon Dec 03 19:42:50 2018
elapsed time: 1267 seconds (0d 0h 21m 7s)

